<?xml version="1.0" encoding="UTF-8"?>
<!-- Generated by org.testng.reporters.JUnitReportReporter -->
<testsuite hostname="ASDA0024" name="tests.Test2" tests="1" failures="0" timestamp="16 Jul 2018 12:15:05 GMT" time="3.690" errors="0">
  <testcase name="secondTest" time="3.690" classname="tests.Test2"/>
</testsuite> <!-- tests.Test2 -->
