<?xml version="1.0" encoding="UTF-8"?>
<!-- Generated by org.testng.reporters.JUnitReportReporter -->
<testsuite hostname="ASDA0024" name="tests.DataProviderTest" tests="7" failures="0" timestamp="23 Jul 2018 11:16:12 GMT" time="0.016" errors="0">
  <testcase name="test" time="0.005" classname="tests.DataProviderTest"/>
  <testcase name="test" time="0.006" classname="tests.DataProviderTest"/>
  <testcase name="test" time="0.001" classname="tests.DataProviderTest"/>
  <testcase name="test" time="0.001" classname="tests.DataProviderTest"/>
  <testcase name="test" time="0.001" classname="tests.DataProviderTest"/>
  <testcase name="test" time="0.001" classname="tests.DataProviderTest"/>
  <testcase name="test" time="0.001" classname="tests.DataProviderTest"/>
</testsuite> <!-- tests.DataProviderTest -->
