<?xml version="1.0" encoding="UTF-8"?>
<!-- Generated by org.testng.reporters.JUnitReportReporter -->
<testsuite hostname="ASDA0024" name="tests.Test3" tests="1" failures="0" timestamp="31 Jul 2018 09:25:24 GMT" time="0.001" errors="0">
  <testcase name="func1" time="0.001" classname="tests.Test3"/>
</testsuite> <!-- tests.Test3 -->
