<?xml version="1.0" encoding="UTF-8"?>
<!-- Generated by org.testng.reporters.JUnitReportReporter -->
<testsuite hostname="ASDA0024" name="tests.Test2" tests="3" failures="0" timestamp="31 Jul 2018 09:25:24 GMT" time="0.007" errors="0">
  <testcase name="Testtwopointfour" time="0.002" classname="tests.Test2"/>
  <testcase name="Testtwopointtwo" time="0.002" classname="tests.Test2"/>
  <testcase name="secondTest" time="0.003" classname="tests.Test2"/>
</testsuite> <!-- tests.Test2 -->
