<?xml version="1.0" encoding="UTF-8"?>
<!-- Generated by org.testng.reporters.JUnitReportReporter -->
<testsuite hostname="ASDA0024" name="tests.Test3" tests="1" failures="0" timestamp="16 Jul 2018 12:15:05 GMT" time="0.492" errors="0">
  <testcase name="ThirdTest" time="0.492" classname="tests.Test3"/>
</testsuite> <!-- tests.Test3 -->
