<?xml version="1.0" encoding="UTF-8"?>
<!-- Generated by org.testng.reporters.JUnitReportReporter -->
<testsuite hostname="ASDA0024" name="tests.Test1" tests="1" failures="0" timestamp="19 Jul 2018 09:02:38 GMT" time="0.006" errors="0">
  <testcase name="onlyTest" time="0.006" classname="tests.Test1"/>
</testsuite> <!-- tests.Test1 -->
